<?xml version="1.0" encoding="UTF-8"?>
<!-- Generated by org.testng.reporters.JUnitXMLReporter -->
<testsuite hostname="AKLSSINHA" ignored="0" name="Default test" tests="3" failures="0" timestamp="2020-11-09T19:15:52 NZDT" time="12.283" errors="0">
  <testcase name="LogoisDisplayed" time="0.068" classname="com.qa.testcases.LoginPageTest"/>
  <testcase name="LoginPageTitleTest" time="0.007" classname="com.qa.testcases.LoginPageTest"/>
  <testcase name="LoginTest" time="0.458" classname="com.qa.testcases.LoginPageTest"/>
</testsuite> <!-- Default test -->
