<?xml version="1.0" encoding="UTF-8"?>
<!-- Generated by org.testng.reporters.JUnitXMLReporter -->
<testsuite hostname="AKLSSINHA" ignored="0" name="Default test" tests="3" failures="0" timestamp="2020-10-16T00:45:29 NZDT" time="10.959" errors="0">
  <testcase name="LogoisDisplayed" time="0.057" classname="com.qa.testcases.LoginPageTest"/>
  <testcase name="LoginPageTitleTest" time="0.009" classname="com.qa.testcases.LoginPageTest"/>
  <testcase name="LoginTest" time="0.447" classname="com.qa.testcases.LoginPageTest"/>
</testsuite> <!-- Default test -->
