<?xml version="1.0" encoding="UTF-8"?>
<!-- Generated by org.testng.reporters.JUnitXMLReporter -->
<testsuite hostname="AKLSSINHA" ignored="0" name="Test" tests="3" failures="0" timestamp="2020-10-16T00:52:07 NZDT" time="10.795" errors="0">
  <testcase name="LogoisDisplayed" time="0.066" classname="com.qa.testcases.LoginPageTest"/>
  <testcase name="LoginPageTitleTest" time="0.009" classname="com.qa.testcases.LoginPageTest"/>
  <testcase name="LoginTest" time="0.396" classname="com.qa.testcases.LoginPageTest"/>
</testsuite> <!-- Test -->
